Flow report for DE10_LITE
Wed May 13 14:15:27 2020
Quartus Prime Version 19.1.0 Build 670 09/22/2019 SJ Lite Edition


---------------------
; Table of Contents ;
---------------------
  1. Legal Notice
  2. Flow Summary
  3. Flow Settings
  4. Flow Non-Default Global Settings
  5. Flow Elapsed Time
  6. Flow OS Summary
  7. Flow Log
  8. Flow Messages
  9. Flow Suppressed Messages



----------------
; Legal Notice ;
----------------
Copyright (C) 2019  Intel Corporation. All rights reserved.
Your use of Intel Corporation's design tools, logic functions 
and other software and tools, and any partner logic 
functions, and any output files from any of the foregoing 
(including device programming or simulation files), and any 
associated documentation or information are expressly subject 
to the terms and conditions of the Intel Program License 
Subscription Agreement, the Intel Quartus Prime License Agreement,
the Intel FPGA IP License Agreement, or other applicable license
agreement, including, without limitation, that your use is for
the sole purpose of programming logic devices manufactured by
Intel and sold by Intel or its authorized distributors.  Please
refer to the applicable agreement for further details, at
https://fpgasoftware.intel.com/eula.



+----------------------------------------------------------------------------------+
; Flow Summary                                                                     ;
+------------------------------------+---------------------------------------------+
; Flow Status                        ; Successful - Wed May 13 14:15:19 2020       ;
; Quartus Prime Version              ; 19.1.0 Build 670 09/22/2019 SJ Lite Edition ;
; Revision Name                      ; DE10_LITE                                   ;
; Top-level Entity Name              ; DE10_LITE                                   ;
; Family                             ; MAX 10                                      ;
; Device                             ; 10M50DAF484C7G                              ;
; Timing Models                      ; Final                                       ;
; Total logic elements               ; 240 / 49,760 ( < 1 % )                      ;
;     Total combinational functions  ; 220 / 49,760 ( < 1 % )                      ;
;     Dedicated logic registers      ; 69 / 49,760 ( < 1 % )                       ;
; Total registers                    ; 69                                          ;
; Total pins                         ; 126 / 360 ( 35 % )                          ;
; Total virtual pins                 ; 0                                           ;
; Total memory bits                  ; 98,304 / 1,677,312 ( 6 % )                  ;
; Embedded Multiplier 9-bit elements ; 0 / 288 ( 0 % )                             ;
; Total PLLs                         ; 1 / 4 ( 25 % )                              ;
; UFM blocks                         ; 0 / 1 ( 0 % )                               ;
; ADC blocks                         ; 0 / 2 ( 0 % )                               ;
+------------------------------------+---------------------------------------------+


+-----------------------------------------+
; Flow Settings                           ;
+-------------------+---------------------+
; Option            ; Setting             ;
+-------------------+---------------------+
; Start date & time ; 05/13/2020 14:14:30 ;
; Main task         ; Compilation         ;
; Revision Name     ; DE10_LITE           ;
+-------------------+---------------------+


+----------------------------------------------------------------------------------------------------------------------------------------------+
; Flow Non-Default Global Settings                                                                                                             ;
+-------------------------------------+-------------------------------------------------------------+---------------+-------------+------------+
; Assignment Name                     ; Value                                                       ; Default Value ; Entity Name ; Section Id ;
+-------------------------------------+-------------------------------------------------------------+---------------+-------------+------------+
; COMPILER_SIGNATURE_ID               ; 106258772467212.158939367006720                             ; --            ; --          ; --         ;
; MISC_FILE                           ; vga_clock/synthesis/../vga_clock.cmp                        ; --            ; --          ; --         ;
; MISC_FILE                           ; vga_clock/synthesis/../../vga_clock.qsys                    ; --            ; --          ; --         ;
; MISC_FILE                           ; char_ram_inst.v                                             ; --            ; --          ; --         ;
; MISC_FILE                           ; char_ram_bb.v                                               ; --            ; --          ; --         ;
; MISC_FILE                           ; glyph_rom_inst.v                                            ; --            ; --          ; --         ;
; MISC_FILE                           ; glyph_rom_bb.v                                              ; --            ; --          ; --         ;
; OUTPUT_IO_TIMING_FAR_END_VMEAS      ; Half Signal Swing                                           ; --            ; --          ; --         ;
; OUTPUT_IO_TIMING_FAR_END_VMEAS      ; Half Signal Swing                                           ; --            ; --          ; --         ;
; OUTPUT_IO_TIMING_NEAR_END_VMEAS     ; Half Vccio                                                  ; --            ; --          ; --         ;
; OUTPUT_IO_TIMING_NEAR_END_VMEAS     ; Half Vccio                                                  ; --            ; --          ; --         ;
; PARTITION_COLOR                     ; -- (Not supported for targeted family)                      ; --            ; --          ; Top        ;
; PARTITION_FITTER_PRESERVATION_LEVEL ; -- (Not supported for targeted family)                      ; --            ; --          ; Top        ;
; PARTITION_NETLIST_TYPE              ; -- (Not supported for targeted family)                      ; --            ; --          ; Top        ;
; SLD_FILE                            ; vga_clock/synthesis/vga_clock.debuginfo                     ; --            ; --          ; --         ;
; SLD_INFO                            ; QSYS_NAME vga_clock HAS_SOPCINFO 1 GENERATION_ID 1587842640 ; --            ; vga_clock   ; --         ;
; SOPCINFO_FILE                       ; vga_clock/synthesis/../../vga_clock.sopcinfo                ; --            ; --          ; --         ;
; SYNTHESIS_ONLY_QIP                  ; On                                                          ; --            ; --          ; --         ;
+-------------------------------------+-------------------------------------------------------------+---------------+-------------+------------+


+--------------------------------------------------------------------------------------------------------------------------+
; Flow Elapsed Time                                                                                                        ;
+----------------------+--------------+-------------------------+---------------------+------------------------------------+
; Module Name          ; Elapsed Time ; Average Processors Used ; Peak Virtual Memory ; Total CPU Time (on all processors) ;
+----------------------+--------------+-------------------------+---------------------+------------------------------------+
; Analysis & Synthesis ; 00:00:20     ; 1.0                     ; 4809 MB             ; 00:00:39                           ;
; Fitter               ; 00:00:20     ; 1.1                     ; 5790 MB             ; 00:00:27                           ;
; Assembler            ; 00:00:05     ; 1.0                     ; 4701 MB             ; 00:00:06                           ;
; Timing Analyzer      ; 00:00:06     ; 1.2                     ; 4863 MB             ; 00:00:07                           ;
; Total                ; 00:00:51     ; --                      ; --                  ; 00:01:19                           ;
+----------------------+--------------+-------------------------+---------------------+------------------------------------+


+------------------------------------------------------------------------------------+
; Flow OS Summary                                                                    ;
+----------------------+------------------+------------+------------+----------------+
; Module Name          ; Machine Hostname ; OS Name    ; OS Version ; Processor type ;
+----------------------+------------------+------------+------------+----------------+
; Analysis & Synthesis ; Oleg             ; Windows 10 ; 10.0       ; x86_64         ;
; Fitter               ; Oleg             ; Windows 10 ; 10.0       ; x86_64         ;
; Assembler            ; Oleg             ; Windows 10 ; 10.0       ; x86_64         ;
; Timing Analyzer      ; Oleg             ; Windows 10 ; 10.0       ; x86_64         ;
+----------------------+------------------+------------+------------+----------------+


------------
; Flow Log ;
------------
quartus_map --read_settings_files=on --write_settings_files=off DE10_LITE -c DE10_LITE
quartus_fit --read_settings_files=off --write_settings_files=off DE10_LITE -c DE10_LITE
quartus_asm --read_settings_files=off --write_settings_files=off DE10_LITE -c DE10_LITE
quartus_sta DE10_LITE -c DE10_LITE



